{"/Users/konstantin/Documents/myProjects/projects-frontend-l4-server-master/server/index.js": {"path":"/Users/konstantin/Documents/myProjects/projects-frontend-l4-server-master/server/index.js","statementMap":{"0":{"start":{"line":13,"column":21},"end":{"line":13,"column":58}},"1":{"start":{"line":14,"column":16},"end":{"line":14,"column":42}},"2":{"start":{"line":15,"column":22},"end":{"line":15,"column":35}},"3":{"start":{"line":17,"column":19},"end":{"line":28,"column":1}},"4":{"start":{"line":18,"column":17},"end":{"line":18,"column":61}},"5":{"start":{"line":19,"column":2},"end":{"line":27,"column":5}},"6":{"start":{"line":24,"column":31},"end":{"line":24,"column":61}},"7":{"start":{"line":30,"column":26},"end":{"line":35,"column":1}},"8":{"start":{"line":31,"column":2},"end":{"line":34,"column":5}},"9":{"start":{"line":38,"column":14},"end":{"line":38,"column":58}},"10":{"start":{"line":40,"column":2},"end":{"line":40,"column":18}},"11":{"start":{"line":41,"column":2},"end":{"line":41,"column":25}},"12":{"start":{"line":43,"column":13},"end":{"line":43,"column":31}},"13":{"start":{"line":45,"column":2},"end":{"line":45,"column":42}},"14":{"start":{"line":47,"column":2},"end":{"line":47,"column":13}}},"fnMap":{"0":{"name":"(anonymous_0)","decl":{"start":{"line":17,"column":19},"end":{"line":17,"column":20}},"loc":{"start":{"line":17,"column":28},"end":{"line":28,"column":1}},"line":17},"1":{"name":"(anonymous_1)","decl":{"start":{"line":24,"column":17},"end":{"line":24,"column":18}},"loc":{"start":{"line":24,"column":31},"end":{"line":24,"column":61}},"line":24},"2":{"name":"(anonymous_2)","decl":{"start":{"line":30,"column":26},"end":{"line":30,"column":27}},"loc":{"start":{"line":30,"column":35},"end":{"line":35,"column":1}},"line":30},"3":{"name":"(anonymous_3)","decl":{"start":{"line":37,"column":15},"end":{"line":37,"column":16}},"loc":{"start":{"line":37,"column":28},"end":{"line":48,"column":1}},"line":37}},"branchMap":{"0":{"loc":{"start":{"line":18,"column":17},"end":{"line":18,"column":61}},"type":"cond-expr","locations":[{"start":{"line":18,"column":33},"end":{"line":18,"column":56}},{"start":{"line":18,"column":59},"end":{"line":18,"column":61}}],"line":18},"1":{"loc":{"start":{"line":45,"column":21},"end":{"line":45,"column":40}},"type":"binary-expr","locations":[{"start":{"line":45,"column":21},"end":{"line":45,"column":34}},{"start":{"line":45,"column":38},"end":{"line":45,"column":40}}],"line":45}},"s":{"0":3,"1":3,"2":3,"3":3,"4":7,"5":7,"6":2,"7":3,"8":7,"9":7,"10":7,"11":7,"12":7,"13":7,"14":7},"f":{"0":7,"1":2,"2":7,"3":7},"b":{"0":[7,0],"1":[7,3]},"_coverageSchema":"1a1c01bbd47fc00a2c39e90264f33305004495a9","hash":"f96f019edd6c09eca0922eaf8cf627785ab0e267"}
,"/Users/konstantin/Documents/myProjects/projects-frontend-l4-server-master/server/routes.js": {"path":"/Users/konstantin/Documents/myProjects/projects-frontend-l4-server-master/server/routes.js","statementMap":{"0":{"start":{"line":5,"column":18},"end":{"line":5,"column":44}},"1":{"start":{"line":5,"column":24},"end":{"line":5,"column":44}},"2":{"start":{"line":7,"column":19},"end":{"line":30,"column":1}},"3":{"start":{"line":8,"column":27},"end":{"line":8,"column":38}},"4":{"start":{"line":9,"column":26},"end":{"line":9,"column":37}},"5":{"start":{"line":10,"column":16},"end":{"line":17,"column":3}},"6":{"start":{"line":19,"column":2},"end":{"line":21,"column":3}},"7":{"start":{"line":20,"column":4},"end":{"line":20,"column":50}},"8":{"start":{"line":22,"column":2},"end":{"line":24,"column":3}},"9":{"start":{"line":23,"column":4},"end":{"line":23,"column":50}},"10":{"start":{"line":25,"column":2},"end":{"line":27,"column":3}},"11":{"start":{"line":26,"column":4},"end":{"line":26,"column":59}},"12":{"start":{"line":29,"column":2},"end":{"line":29,"column":15}},"13":{"start":{"line":33,"column":16},"end":{"line":33,"column":40}},"14":{"start":{"line":35,"column":2},"end":{"line":132,"column":7}},"15":{"start":{"line":37,"column":6},"end":{"line":37,"column":46}},"16":{"start":{"line":40,"column":24},"end":{"line":44,"column":9}},"17":{"start":{"line":40,"column":51},"end":{"line":44,"column":7}},"18":{"start":{"line":45,"column":23},"end":{"line":47,"column":7}},"19":{"start":{"line":48,"column":6},"end":{"line":48,"column":27}},"20":{"start":{"line":51,"column":49},"end":{"line":51,"column":57}},"21":{"start":{"line":52,"column":22},"end":{"line":56,"column":7}},"22":{"start":{"line":57,"column":6},"end":{"line":57,"column":35}},"23":{"start":{"line":58,"column":6},"end":{"line":58,"column":22}},"24":{"start":{"line":59,"column":19},"end":{"line":65,"column":7}},"25":{"start":{"line":67,"column":6},"end":{"line":67,"column":23}},"26":{"start":{"line":68,"column":6},"end":{"line":68,"column":34}},"27":{"start":{"line":71,"column":24},"end":{"line":71,"column":45}},"28":{"start":{"line":72,"column":6},"end":{"line":72,"column":72}},"29":{"start":{"line":72,"column":52},"end":{"line":72,"column":70}},"30":{"start":{"line":73,"column":6},"end":{"line":73,"column":79}},"31":{"start":{"line":73,"column":52},"end":{"line":73,"column":77}},"32":{"start":{"line":74,"column":6},"end":{"line":74,"column":22}},"33":{"start":{"line":75,"column":19},"end":{"line":80,"column":7}},"34":{"start":{"line":82,"column":6},"end":{"line":82,"column":23}},"35":{"start":{"line":83,"column":6},"end":{"line":83,"column":37}},"36":{"start":{"line":86,"column":24},"end":{"line":86,"column":45}},"37":{"start":{"line":87,"column":22},"end":{"line":87,"column":68}},"38":{"start":{"line":87,"column":49},"end":{"line":87,"column":67}},"39":{"start":{"line":89,"column":39},"end":{"line":89,"column":47}},"40":{"start":{"line":90,"column":6},"end":{"line":90,"column":37}},"41":{"start":{"line":92,"column":19},"end":{"line":98,"column":7}},"42":{"start":{"line":99,"column":6},"end":{"line":99,"column":23}},"43":{"start":{"line":100,"column":6},"end":{"line":100,"column":37}},"44":{"start":{"line":103,"column":23},"end":{"line":103,"column":97}},"45":{"start":{"line":103,"column":52},"end":{"line":103,"column":96}},"46":{"start":{"line":104,"column":24},"end":{"line":108,"column":9}},"47":{"start":{"line":104,"column":45},"end":{"line":108,"column":7}},"48":{"start":{"line":109,"column":23},"end":{"line":111,"column":7}},"49":{"start":{"line":112,"column":6},"end":{"line":112,"column":27}},"50":{"start":{"line":115,"column":39},"end":{"line":115,"column":47}},"51":{"start":{"line":116,"column":22},"end":{"line":120,"column":7}},"52":{"start":{"line":121,"column":6},"end":{"line":121,"column":35}},"53":{"start":{"line":122,"column":6},"end":{"line":122,"column":22}},"54":{"start":{"line":123,"column":19},"end":{"line":129,"column":7}},"55":{"start":{"line":130,"column":6},"end":{"line":130,"column":23}},"56":{"start":{"line":131,"column":6},"end":{"line":131,"column":34}}},"fnMap":{"0":{"name":"(anonymous_0)","decl":{"start":{"line":5,"column":18},"end":{"line":5,"column":19}},"loc":{"start":{"line":5,"column":24},"end":{"line":5,"column":44}},"line":5},"1":{"name":"(anonymous_1)","decl":{"start":{"line":7,"column":19},"end":{"line":7,"column":20}},"loc":{"start":{"line":7,"column":37},"end":{"line":30,"column":1}},"line":7},"2":{"name":"(anonymous_2)","decl":{"start":{"line":32,"column":15},"end":{"line":32,"column":16}},"loc":{"start":{"line":32,"column":47},"end":{"line":133,"column":1}},"line":32},"3":{"name":"(anonymous_3)","decl":{"start":{"line":36,"column":14},"end":{"line":36,"column":15}},"loc":{"start":{"line":36,"column":31},"end":{"line":38,"column":5}},"line":36},"4":{"name":"(anonymous_4)","decl":{"start":{"line":39,"column":29},"end":{"line":39,"column":30}},"loc":{"start":{"line":39,"column":46},"end":{"line":49,"column":5}},"line":39},"5":{"name":"(anonymous_5)","decl":{"start":{"line":40,"column":43},"end":{"line":40,"column":44}},"loc":{"start":{"line":40,"column":51},"end":{"line":44,"column":7}},"line":40},"6":{"name":"(anonymous_6)","decl":{"start":{"line":50,"column":30},"end":{"line":50,"column":31}},"loc":{"start":{"line":50,"column":46},"end":{"line":69,"column":5}},"line":50},"7":{"name":"(anonymous_7)","decl":{"start":{"line":70,"column":36},"end":{"line":70,"column":37}},"loc":{"start":{"line":70,"column":52},"end":{"line":84,"column":5}},"line":70},"8":{"name":"(anonymous_8)","decl":{"start":{"line":72,"column":45},"end":{"line":72,"column":46}},"loc":{"start":{"line":72,"column":52},"end":{"line":72,"column":70}},"line":72},"9":{"name":"(anonymous_9)","decl":{"start":{"line":73,"column":45},"end":{"line":73,"column":46}},"loc":{"start":{"line":73,"column":52},"end":{"line":73,"column":77}},"line":73},"10":{"name":"(anonymous_10)","decl":{"start":{"line":85,"column":35},"end":{"line":85,"column":36}},"loc":{"start":{"line":85,"column":51},"end":{"line":101,"column":5}},"line":85},"11":{"name":"(anonymous_11)","decl":{"start":{"line":87,"column":42},"end":{"line":87,"column":43}},"loc":{"start":{"line":87,"column":49},"end":{"line":87,"column":67}},"line":87},"12":{"name":"(anonymous_12)","decl":{"start":{"line":102,"column":49},"end":{"line":102,"column":50}},"loc":{"start":{"line":102,"column":65},"end":{"line":113,"column":5}},"line":102},"13":{"name":"(anonymous_13)","decl":{"start":{"line":103,"column":45},"end":{"line":103,"column":46}},"loc":{"start":{"line":103,"column":52},"end":{"line":103,"column":96}},"line":103},"14":{"name":"(anonymous_14)","decl":{"start":{"line":104,"column":37},"end":{"line":104,"column":38}},"loc":{"start":{"line":104,"column":45},"end":{"line":108,"column":7}},"line":104},"15":{"name":"(anonymous_15)","decl":{"start":{"line":114,"column":50},"end":{"line":114,"column":51}},"loc":{"start":{"line":114,"column":66},"end":{"line":132,"column":5}},"line":114}},"branchMap":{"0":{"loc":{"start":{"line":19,"column":2},"end":{"line":21,"column":3}},"type":"if","locations":[{"start":{"line":19,"column":2},"end":{"line":21,"column":3}},{"start":{"line":19,"column":2},"end":{"line":21,"column":3}}],"line":19},"1":{"loc":{"start":{"line":22,"column":2},"end":{"line":24,"column":3}},"type":"if","locations":[{"start":{"line":22,"column":2},"end":{"line":24,"column":3}},{"start":{"line":22,"column":2},"end":{"line":24,"column":3}}],"line":22},"2":{"loc":{"start":{"line":25,"column":2},"end":{"line":27,"column":3}},"type":"if","locations":[{"start":{"line":25,"column":2},"end":{"line":27,"column":3}},{"start":{"line":25,"column":2},"end":{"line":27,"column":3}}],"line":25},"3":{"loc":{"start":{"line":32,"column":25},"end":{"line":32,"column":42}},"type":"default-arg","locations":[{"start":{"line":32,"column":40},"end":{"line":32,"column":42}}],"line":32}},"s":{"0":3,"1":16,"2":3,"3":7,"4":7,"5":7,"6":7,"7":2,"8":7,"9":4,"10":7,"11":0,"12":7,"13":7,"14":7,"15":1,"16":1,"17":2,"18":1,"19":1,"20":1,"21":1,"22":1,"23":1,"24":1,"25":1,"26":1,"27":1,"28":1,"29":3,"30":1,"31":0,"32":1,"33":1,"34":1,"35":1,"36":1,"37":1,"38":3,"39":1,"40":1,"41":1,"42":1,"43":1,"44":1,"45":1,"46":1,"47":1,"48":1,"49":1,"50":1,"51":1,"52":1,"53":1,"54":1,"55":1,"56":1},"f":{"0":16,"1":7,"2":7,"3":1,"4":1,"5":2,"6":1,"7":1,"8":3,"9":0,"10":1,"11":3,"12":1,"13":1,"14":1,"15":1},"b":{"0":[2,5],"1":[4,3],"2":[0,7],"3":[0]},"_coverageSchema":"1a1c01bbd47fc00a2c39e90264f33305004495a9","hash":"3ac510a02bf996da69df29541e72df92a38610b0"}
}
